<?xml version="1.0" encoding="UTF-8"?>
<!-- Generated by org.testng.reporters.JUnitXMLReporter -->
<testsuite ignored="0" hostname="Martins-MacBook-Pro.local" failures="0" tests="31" name="API" time="6.677" errors="0" timestamp="2025-09-21T14:44:16 EEST">
  <testcase classname="com.example.bookstore.api.tests.BooksApiTests" name="createBook_returns200AndEchoesPayload" time="1.099"/>
  <testcase classname="com.example.bookstore.api.tests.BooksApiTests" name="deleteBook_returns200" time="0.196"/>
  <testcase classname="com.example.bookstore.api.tests.BooksApiTests" name="getAllBooks_returns200AndNonEmptyList" time="0.499"/>
  <testcase classname="com.example.bookstore.api.tests.BooksApiTests" name="getBookById_existing_returns200" time="0.435"/>
  <testcase classname="com.example.bookstore.api.tests.BooksApiTests" name="getBookById_notFound_returns404" time="0.424"/>
  <testcase classname="com.example.bookstore.api.tests.BooksApiTests" name="updateBook_returns200AndBodyMatchesPayload" time="0.144"/>
  <testcase classname="com.example.bookstore.api.tests.AuthorsApiTests" name="createAuthor_returns200AndEchoesPayload" time="0.226"/>
  <testcase classname="com.example.bookstore.api.tests.AuthorsApiTests" name="deleteAuthor_returns200" time="0.137"/>
  <testcase classname="com.example.bookstore.api.tests.AuthorsApiTests" name="getAllAuthors_returns200AndNonEmptyList" time="0.211"/>
  <testcase classname="com.example.bookstore.api.tests.AuthorsApiTests" name="getAuthorById_existing_returns200" time="0.159"/>
  <testcase classname="com.example.bookstore.api.tests.AuthorsApiTests" name="getAuthorById_notFound_returns404" time="0.143"/>
  <testcase classname="com.example.bookstore.api.tests.AuthorsApiTests" name="getAuthorsByBookId_returns200" time="0.166"/>
  <testcase classname="com.example.bookstore.api.tests.AuthorsApiTests" name="updateAuthor_returns200" time="0.141"/>
  <testcase classname="com.example.bookstore.api.tests.ActivitiesApiTests" name="createActivity_returns200AndEchoesPayload" time="0.131"/>
  <testcase classname="com.example.bookstore.api.tests.ActivitiesApiTests" name="deleteActivity_returns200" time="0.126"/>
  <testcase classname="com.example.bookstore.api.tests.ActivitiesApiTests" name="getActivityById_existing_returns200" time="0.138"/>
  <testcase classname="com.example.bookstore.api.tests.ActivitiesApiTests" name="getActivityById_notFound_returns404" time="0.143"/>
  <testcase classname="com.example.bookstore.api.tests.ActivitiesApiTests" name="getAllActivities_returns200AndNonEmptyList" time="0.135"/>
  <testcase classname="com.example.bookstore.api.tests.ActivitiesApiTests" name="updateActivity_returns200" time="0.13"/>
  <testcase classname="com.example.bookstore.api.tests.CoverPhotosApiTests" name="createCoverPhoto_returns200AndEchoesPayload" time="0.122"/>
  <testcase classname="com.example.bookstore.api.tests.CoverPhotosApiTests" name="deleteCoverPhoto_returns200" time="0.143"/>
  <testcase classname="com.example.bookstore.api.tests.CoverPhotosApiTests" name="getAllCoverPhotos_returns200AndNonEmptyList" time="0.177"/>
  <testcase classname="com.example.bookstore.api.tests.CoverPhotosApiTests" name="getCoverPhotoById_existing_returns200" time="0.141"/>
  <testcase classname="com.example.bookstore.api.tests.CoverPhotosApiTests" name="getCoverPhotosByBookId_returns200" time="0.133"/>
  <testcase classname="com.example.bookstore.api.tests.CoverPhotosApiTests" name="updateCoverPhoto_returns200" time="0.127"/>
  <testcase classname="com.example.bookstore.api.tests.UsersApiTests" name="createUser_returns200AndEchoesPayload" time="0.143"/>
  <testcase classname="com.example.bookstore.api.tests.UsersApiTests" name="deleteUser_returns200" time="0.139"/>
  <testcase classname="com.example.bookstore.api.tests.UsersApiTests" name="getAllUsers_returns200AndNonEmptyList" time="0.122"/>
  <testcase classname="com.example.bookstore.api.tests.UsersApiTests" name="getUserById_existing_returns200" time="0.126"/>
  <testcase classname="com.example.bookstore.api.tests.UsersApiTests" name="getUserById_notFound_returns404" time="0.132"/>
  <testcase classname="com.example.bookstore.api.tests.UsersApiTests" name="updateUser_returns200" time="0.135"/>
</testsuite> <!-- API -->
