<?xml version="1.0" encoding="UTF-8"?>
<testsuite xmlns:xsi="http://www.w3.org/2001/XMLSchema-instance" xsi:noNamespaceSchemaLocation="https://maven.apache.org/surefire/maven-surefire-plugin/xsd/surefire-test-report.xsd" version="3.0.2" name="TestSuite" time="7.031" tests="31" errors="0" skipped="0" failures="0">
  <properties>
[...]
</properties>
  <testcase name="createBook_returns200AndEchoesPayload" classname="com.example.bookstore.api.tests.BooksApiTests" time="1.12">
    <system-err><![CDATA[SLF4J: Failed to load class "org.slf4j.impl.StaticLoggerBinder".
SLF4J: Defaulting to no-operation (NOP) logger implementation
SLF4J: See http://www.slf4j.org/codes.html#StaticLoggerBinder for further details.
]]></system-err>
  </testcase>
  <testcase name="deleteBook_returns200" classname="com.example.bookstore.api.tests.BooksApiTests" time="0.196"/>
  <testcase name="getAllBooks_returns200AndNonEmptyList" classname="com.example.bookstore.api.tests.BooksApiTests" time="0.5"/>
  <testcase name="getBookById_existing_returns200" classname="com.example.bookstore.api.tests.BooksApiTests" time="0.436"/>
  <testcase name="getBookById_notFound_returns404" classname="com.example.bookstore.api.tests.BooksApiTests" time="0.426">
    <system-out><![CDATA[HTTP/1.1 404 Not Found
Content-Type: application/problem+json; charset=utf-8; v=1.0
Date: Sun, 21 Sep 2025 11:44:11 GMT
Server: Kestrel
Transfer-Encoding: chunked
api-supported-versions: 1.0

{
    "type": "https://tools.ietf.org/html/rfc7231#section-6.5.4",
    "title": "Not Found",
    "status": 404,
    "traceId": "00-1b3b84a026043a49a93964215d469915-85e37278229d7f4d-00"
}
]]></system-out>
  </testcase>
  <testcase name="updateBook_returns200AndBodyMatchesPayload" classname="com.example.bookstore.api.tests.BooksApiTests" time="0.145"/>
  <testcase name="createAuthor_returns200AndEchoesPayload" classname="com.example.bookstore.api.tests.AuthorsApiTests" time="0.226"/>
  <testcase name="deleteAuthor_returns200" classname="com.example.bookstore.api.tests.AuthorsApiTests" time="0.137"/>
  <testcase name="getAllAuthors_returns200AndNonEmptyList" classname="com.example.bookstore.api.tests.AuthorsApiTests" time="0.212"/>
  <testcase name="getAuthorById_existing_returns200" classname="com.example.bookstore.api.tests.AuthorsApiTests" time="0.16"/>
  <testcase name="getAuthorById_notFound_returns404" classname="com.example.bookstore.api.tests.AuthorsApiTests" time="0.144">
    <system-out><![CDATA[HTTP/1.1 404 Not Found
Content-Type: application/problem+json; charset=utf-8; v=1.0
Date: Sun, 21 Sep 2025 11:44:12 GMT
Server: Kestrel
Transfer-Encoding: chunked
api-supported-versions: 1.0

{
    "type": "https://tools.ietf.org/html/rfc7231#section-6.5.4",
    "title": "Not Found",
    "status": 404,
    "traceId": "00-8f1cdd6db24b8144a35ac1fc527d37dc-9600cb70ffdace42-00"
}
]]></system-out>
  </testcase>
  <testcase name="getAuthorsByBookId_returns200" classname="com.example.bookstore.api.tests.AuthorsApiTests" time="0.166"/>
  <testcase name="updateAuthor_returns200" classname="com.example.bookstore.api.tests.AuthorsApiTests" time="0.141"/>
  <testcase name="createActivity_returns200AndEchoesPayload" classname="com.example.bookstore.api.tests.ActivitiesApiTests" time="0.13"/>
  <testcase name="deleteActivity_returns200" classname="com.example.bookstore.api.tests.ActivitiesApiTests" time="0.126"/>
  <testcase name="getActivityById_existing_returns200" classname="com.example.bookstore.api.tests.ActivitiesApiTests" time="0.14"/>
  <testcase name="getActivityById_notFound_returns404" classname="com.example.bookstore.api.tests.ActivitiesApiTests" time="0.145">
    <system-out><![CDATA[HTTP/1.1 404 Not Found
Content-Type: application/problem+json; charset=utf-8; v=1.0
Date: Sun, 21 Sep 2025 11:44:13 GMT
Server: Kestrel
Transfer-Encoding: chunked
api-supported-versions: 1.0

{
    "type": "https://tools.ietf.org/html/rfc7231#section-6.5.4",
    "title": "Not Found",
    "status": 404,
    "traceId": "00-38c55b43ce94ca4497c76906a81d7027-ace4e3af98758b46-00"
}
]]></system-out>
  </testcase>
  <testcase name="getAllActivities_returns200AndNonEmptyList" classname="com.example.bookstore.api.tests.ActivitiesApiTests" time="0.136"/>
  <testcase name="updateActivity_returns200" classname="com.example.bookstore.api.tests.ActivitiesApiTests" time="0.131"/>
  <testcase name="createCoverPhoto_returns200AndEchoesPayload" classname="com.example.bookstore.api.tests.CoverPhotosApiTests" time="0.122"/>
  <testcase name="deleteCoverPhoto_returns200" classname="com.example.bookstore.api.tests.CoverPhotosApiTests" time="0.144"/>
  <testcase name="getAllCoverPhotos_returns200AndNonEmptyList" classname="com.example.bookstore.api.tests.CoverPhotosApiTests" time="0.178"/>
  <testcase name="getCoverPhotoById_existing_returns200" classname="com.example.bookstore.api.tests.CoverPhotosApiTests" time="0.141"/>
  <testcase name="getCoverPhotosByBookId_returns200" classname="com.example.bookstore.api.tests.CoverPhotosApiTests" time="0.132"/>
  <testcase name="updateCoverPhoto_returns200" classname="com.example.bookstore.api.tests.CoverPhotosApiTests" time="0.127"/>
  <testcase name="createUser_returns200AndEchoesPayload" classname="com.example.bookstore.api.tests.UsersApiTests" time="0.144"/>
  <testcase name="deleteUser_returns200" classname="com.example.bookstore.api.tests.UsersApiTests" time="0.14"/>
  <testcase name="getAllUsers_returns200AndNonEmptyList" classname="com.example.bookstore.api.tests.UsersApiTests" time="0.123"/>
  <testcase name="getUserById_existing_returns200" classname="com.example.bookstore.api.tests.UsersApiTests" time="0.126"/>
  <testcase name="getUserById_notFound_returns404" classname="com.example.bookstore.api.tests.UsersApiTests" time="0.134">
    <system-out><![CDATA[HTTP/1.1 404 Not Found
Content-Type: application/problem+json; charset=utf-8; v=1.0
Date: Sun, 21 Sep 2025 11:44:15 GMT
Server: Kestrel
Transfer-Encoding: chunked
api-supported-versions: 1.0

{
    "type": "https://tools.ietf.org/html/rfc7231#section-6.5.4",
    "title": "Not Found",
    "status": 404,
    "traceId": "00-4b37f72f9d0bdf468b193d5d519e7829-18ef4f74b9d2574e-00"
}
]]></system-out>
  </testcase>
  <testcase name="updateUser_returns200" classname="com.example.bookstore.api.tests.UsersApiTests" time="0.135"/>
</testsuite>